2018-08-18 00:00:06 459  [main] INFO  c.o.s.SpringbootLayuiApplication - Starting SpringbootLayuiApplication on DESKTOP-6OJN8E5 with PID 5444 (D:\wufang\springboot_layui\target\classes started by Mr Du in D:\wufang\springboot_layui) 
2018-08-18 00:00:06 464  [main] INFO  c.o.s.SpringbootLayuiApplication - The following profiles are active: dev 
2018-08-18 00:00:06 504  [main] INFO  o.s.b.w.s.c.AnnotationConfigServletWebServerApplicationContext - Refreshing org.springframework.boot.web.servlet.context.AnnotationConfigServletWebServerApplicationContext@4facf68f: startup date [Sat Aug 18 00:00:06 CST 2018]; root of context hierarchy 
2018-08-18 00:00:07 1333 [main] INFO  o.s.d.r.c.RepositoryConfigurationDelegate - Multiple Spring Data modules found, entering strict repository configuration mode! 
2018-08-18 00:00:07 1663 [main] INFO  o.s.c.s.PostProcessorRegistrationDelegate$BeanPostProcessorChecker - Bean 'jedisRedisConfig' of type [com.outaa.springboot_layui.comm.config.JedisRedisConfig$$EnhancerBySpringCGLIB$$b7164cfd] is not eligible for getting processed by all BeanPostProcessors (for example: not eligible for auto-proxying) 
2018-08-18 00:00:07 1669 [main] INFO  o.s.c.s.PostProcessorRegistrationDelegate$BeanPostProcessorChecker - Bean 'org.springframework.transaction.annotation.ProxyTransactionManagementConfiguration' of type [org.springframework.transaction.annotation.ProxyTransactionManagementConfiguration$$EnhancerBySpringCGLIB$$d8ced69b] is not eligible for getting processed by all BeanPostProcessors (for example: not eligible for auto-proxying) 
2018-08-18 00:00:07 1730 [main] INFO  o.s.c.s.PostProcessorRegistrationDelegate$BeanPostProcessorChecker - Bean 'jedisConnectionFactory' of type [org.springframework.data.redis.connection.jedis.JedisConnectionFactory] is not eligible for getting processed by all BeanPostProcessors (for example: not eligible for auto-proxying) 
2018-08-18 00:00:07 1732 [main] INFO  o.s.c.s.PostProcessorRegistrationDelegate$BeanPostProcessorChecker - Bean 'redisConfig' of type [com.outaa.springboot_layui.comm.config.RedisConfig$$EnhancerBySpringCGLIB$$3bf39eca] is not eligible for getting processed by all BeanPostProcessors (for example: not eligible for auto-proxying) 
2018-08-18 00:00:07 1737 [main] INFO  o.s.c.s.PostProcessorRegistrationDelegate$BeanPostProcessorChecker - Bean 'keyGenerator' of type [com.outaa.springboot_layui.comm.config.RedisConfig$1] is not eligible for getting processed by all BeanPostProcessors (for example: not eligible for auto-proxying) 
2018-08-18 00:00:08 2090 [main] INFO  o.s.b.w.e.tomcat.TomcatWebServer - Tomcat initialized with port(s): 8888 (http) 
2018-08-18 00:00:08 2100 [main] INFO  o.a.coyote.http11.Http11NioProtocol - Initializing ProtocolHandler ["http-nio-8888"] 
2018-08-18 00:00:08 2110 [main] INFO  o.a.catalina.core.StandardService - Starting service [Tomcat] 
2018-08-18 00:00:08 2111 [main] INFO  o.a.catalina.core.StandardEngine - Starting Servlet Engine: Apache Tomcat/8.5.32 
2018-08-18 00:00:08 2115 [localhost-startStop-1] INFO  o.a.c.core.AprLifecycleListener - The APR based Apache Tomcat Native library which allows optimal performance in production environments was not found on the java.library.path: [D:\javaTools\jdk1.8.0_102_64\bin;C:\WINDOWS\Sun\Java\bin;C:\WINDOWS\system32;C:\WINDOWS;C:\Program Files (x86)\Common Files\NetSarang;D:\app\MrDu\product\11.2.0\dbhome_1\bin;C:\WINDOWS\system32;C:\WINDOWS;C:\WINDOWS\System32\Wbem;C:\WINDOWS\System32\WindowsPowerShell\v1.0\;";D:\javaTools\jdk1.8.0_102_64\bin;D:\javaTools\jdk1.8.0_102_64\jre\bin;D:\javaTools\MySQL\MySQL Server 5.5\bin;D:\Program Files (x86)\Sybase\PowerDesigner 15;D:\TortoiseSVN\bin";D:\javaTools\Maven\apache-maven-3.3.3-bin\apache-maven-3.3.3\bin;C:\Program Files\Git\cmd;D:\Python64;D:\javaTools\MySQL\MySQL Server 5.5\bin\mysqld;C:\WINDOWS\System32\OpenSSH\;D:\javaTools\jdk1.8.0_102_64\bin;D:\javaTools\jdk1.8.0_102_64\jre\bin;D:\jeesite_workspace\jeesite\doc\maven\maven\maven3\bin;D:\Hadoop\\bin;D:\Program Files\Microsoft SQL Server\110\DTS\Binn\;D:\Program Files (x86)\Microsoft SQL Server\110\Tools\Binn\;D:\Program Files\Microsoft SQL Server\110\Tools\Binn\;D:\Program Files (x86)\Microsoft SQL Server\110\Tools\Binn\ManagementStudio\;C:\Program Files (x86)\Microsoft Visual Studio 10.0\Common7\IDE\PrivateAssemblies\;D:\Program Files (x86)\Microsoft SQL Server\110\DTS\Binn\;D:\TortoiseSVN\bin;C:\Users\Mr Du\AppData\Local\Microsoft\WindowsApps;;.] 
2018-08-18 00:00:08 2219 [localhost-startStop-1] INFO  o.a.c.c.C.[Tomcat].[localhost].[/] - Initializing Spring embedded WebApplicationContext 
2018-08-18 00:00:08 2219 [localhost-startStop-1] INFO  o.s.web.context.ContextLoader - Root WebApplicationContext: initialization completed in 1715 ms 
2018-08-18 00:00:08 2291 [localhost-startStop-1] INFO  o.s.b.w.s.ServletRegistrationBean - Servlet dispatcherServlet mapped to [/] 
2018-08-18 00:00:08 2297 [localhost-startStop-1] INFO  o.s.b.w.s.FilterRegistrationBean - Mapping filter: 'characterEncodingFilter' to: [/*] 
2018-08-18 00:00:08 2297 [localhost-startStop-1] INFO  o.s.b.w.s.FilterRegistrationBean - Mapping filter: 'hiddenHttpMethodFilter' to: [/*] 
2018-08-18 00:00:08 2297 [localhost-startStop-1] INFO  o.s.b.w.s.FilterRegistrationBean - Mapping filter: 'httpPutFormContentFilter' to: [/*] 
2018-08-18 00:00:08 2297 [localhost-startStop-1] INFO  o.s.b.w.s.FilterRegistrationBean - Mapping filter: 'requestContextFilter' to: [/*] 
2018-08-18 00:00:08 2781 [main] INFO  o.s.w.s.h.SimpleUrlHandlerMapping - Mapped URL path [/**/favicon.ico] onto handler of type [class org.springframework.web.servlet.resource.ResourceHttpRequestHandler] 
2018-08-18 00:00:09 2992 [main] INFO  o.s.w.s.m.m.a.RequestMappingHandlerAdapter - Looking for @ControllerAdvice: org.springframework.boot.web.servlet.context.AnnotationConfigServletWebServerApplicationContext@4facf68f: startup date [Sat Aug 18 00:00:06 CST 2018]; root of context hierarchy 
2018-08-18 00:00:09 3049 [main] INFO  o.s.w.s.m.m.a.RequestMappingHandlerMapping - Mapped "{[/reg],methods=[GET]}" onto public java.lang.String com.outaa.springboot_layui.modules.sys.web.AuthController.path() 
2018-08-18 00:00:09 3050 [main] INFO  o.s.w.s.m.m.a.RequestMappingHandlerMapping - Mapped "{[ || /home],methods=[GET || POST]}" onto public java.lang.String com.outaa.springboot_layui.modules.sys.web.AuthController.home() 
2018-08-18 00:00:09 3052 [main] INFO  o.s.w.s.m.m.a.RequestMappingHandlerMapping - Mapped "{[/login],methods=[POST]}" onto public java.lang.String com.outaa.springboot_layui.modules.sys.web.AuthController.login(com.outaa.springboot_layui.modules.sys.entity.User,javax.servlet.http.HttpServletRequest) 
2018-08-18 00:00:09 3052 [main] INFO  o.s.w.s.m.m.a.RequestMappingHandlerMapping - Mapped "{[/kaptcha]}" onto public org.springframework.web.servlet.ModelAndView com.outaa.springboot_layui.modules.sys.web.AuthController.getKaptchaImage(javax.servlet.http.HttpServletRequest,javax.servlet.http.HttpServletResponse) throws java.lang.Exception 
2018-08-18 00:00:09 3053 [main] INFO  o.s.w.s.m.m.a.RequestMappingHandlerMapping - Mapped "{[/startCaptcha],methods=[GET]}" onto public void com.outaa.springboot_layui.modules.sys.web.AuthController.startCaptcha(javax.servlet.http.HttpServletRequest,javax.servlet.http.HttpServletResponse) throws java.io.IOException 
2018-08-18 00:00:09 3053 [main] INFO  o.s.w.s.m.m.a.RequestMappingHandlerMapping - Mapped "{[/verifyLogin],methods=[POST]}" onto public java.lang.String com.outaa.springboot_layui.modules.sys.web.AuthController.verifyLogin(com.outaa.springboot_layui.modules.sys.entity.User,javax.servlet.http.HttpServletRequest,javax.servlet.http.HttpServletResponse,org.springframework.web.servlet.mvc.support.RedirectAttributes) throws java.io.IOException 
2018-08-18 00:00:09 3055 [main] INFO  o.s.w.s.m.m.a.RequestMappingHandlerMapping - Mapped "{[/error]}" onto public org.springframework.http.ResponseEntity<java.util.Map<java.lang.String, java.lang.Object>> org.springframework.boot.autoconfigure.web.servlet.error.BasicErrorController.error(javax.servlet.http.HttpServletRequest) 
2018-08-18 00:00:09 3056 [main] INFO  o.s.w.s.m.m.a.RequestMappingHandlerMapping - Mapped "{[/error],produces=[text/html]}" onto public org.springframework.web.servlet.ModelAndView org.springframework.boot.autoconfigure.web.servlet.error.BasicErrorController.errorHtml(javax.servlet.http.HttpServletRequest,javax.servlet.http.HttpServletResponse) 
2018-08-18 00:00:09 3085 [main] INFO  o.s.w.s.h.SimpleUrlHandlerMapping - Mapped URL path [/webjars/**] onto handler of type [class org.springframework.web.servlet.resource.ResourceHttpRequestHandler] 
2018-08-18 00:00:09 3085 [main] INFO  o.s.w.s.h.SimpleUrlHandlerMapping - Mapped URL path [/**] onto handler of type [class org.springframework.web.servlet.resource.ResourceHttpRequestHandler] 
2018-08-18 00:00:09 3100 [main] INFO  o.s.w.s.m.m.a.ExceptionHandlerExceptionResolver - Detected @ExceptionHandler methods in exceptionHandle 
2018-08-18 00:00:09 3192 [main] INFO  o.s.b.a.w.s.WelcomePageHandlerMapping - Adding welcome page template: index 
2018-08-18 00:00:09 3498 [main] INFO  o.s.j.e.a.AnnotationMBeanExporter - Registering beans for JMX exposure on startup 
2018-08-18 00:00:09 3500 [main] INFO  o.s.j.e.a.AnnotationMBeanExporter - Bean with name 'dataSource' has been autodetected for JMX exposure 
2018-08-18 00:00:09 3505 [main] INFO  o.s.j.e.a.AnnotationMBeanExporter - Located MBean 'dataSource': registering with JMX server as MBean [com.zaxxer.hikari:name=dataSource,type=HikariDataSource] 
2018-08-18 00:00:09 3531 [main] INFO  o.a.coyote.http11.Http11NioProtocol - Starting ProtocolHandler ["http-nio-8888"] 
2018-08-18 00:00:09 3539 [main] INFO  o.a.tomcat.util.net.NioSelectorPool - Using a shared selector for servlet write/read 
2018-08-18 00:00:09 3552 [main] INFO  o.s.b.w.e.tomcat.TomcatWebServer - Tomcat started on port(s): 8888 (http) with context path '' 
2018-08-18 00:00:09 3555 [main] INFO  c.o.s.SpringbootLayuiApplication - Started SpringbootLayuiApplication in 3.59 seconds (JVM running for 4.399) 
2018-08-18 00:00:17 11194 [http-nio-8888-exec-1] INFO  o.a.tomcat.util.http.parser.Cookie - A cookie header was received [1525316773,1525519139,1525537175; JSESSIONID=461F90E61E7A4FBBBE999F69345DE6F7] that contained an invalid cookie. That cookie will be ignored.Note: further occurrences of this error will be logged at DEBUG level. 
2018-08-18 00:00:17 11199 [http-nio-8888-exec-1] INFO  o.a.c.c.C.[Tomcat].[localhost].[/] - Initializing Spring FrameworkServlet 'dispatcherServlet' 
2018-08-18 00:00:17 11199 [http-nio-8888-exec-1] INFO  o.s.web.servlet.DispatcherServlet - FrameworkServlet 'dispatcherServlet': initialization started 
2018-08-18 00:00:17 11219 [http-nio-8888-exec-1] INFO  o.s.web.servlet.DispatcherServlet - FrameworkServlet 'dispatcherServlet': initialization completed in 19 ms 
2018-08-18 00:00:27 21263 [http-nio-8888-exec-3] INFO  c.o.s.m.sys.web.AuthController - gt-server正常，验证结果：1 
2018-08-18 00:02:45 449  [main] INFO  c.o.s.SpringbootLayuiApplication - Starting SpringbootLayuiApplication on DESKTOP-6OJN8E5 with PID 19184 (D:\wufang\springboot_layui\target\classes started by Mr Du in D:\wufang\springboot_layui) 
2018-08-18 00:02:45 450  [main] INFO  c.o.s.SpringbootLayuiApplication - The following profiles are active: dev 
2018-08-18 00:02:45 499  [main] INFO  o.s.b.w.s.c.AnnotationConfigServletWebServerApplicationContext - Refreshing org.springframework.boot.web.servlet.context.AnnotationConfigServletWebServerApplicationContext@20deea7f: startup date [Sat Aug 18 00:02:45 CST 2018]; root of context hierarchy 
2018-08-18 00:02:45 1259 [main] INFO  o.s.d.r.c.RepositoryConfigurationDelegate - Multiple Spring Data modules found, entering strict repository configuration mode! 
2018-08-18 00:02:46 1594 [main] INFO  o.s.c.s.PostProcessorRegistrationDelegate$BeanPostProcessorChecker - Bean 'jedisRedisConfig' of type [com.outaa.springboot_layui.comm.config.JedisRedisConfig$$EnhancerBySpringCGLIB$$9ab7eeb8] is not eligible for getting processed by all BeanPostProcessors (for example: not eligible for auto-proxying) 
2018-08-18 00:02:46 1600 [main] INFO  o.s.c.s.PostProcessorRegistrationDelegate$BeanPostProcessorChecker - Bean 'org.springframework.transaction.annotation.ProxyTransactionManagementConfiguration' of type [org.springframework.transaction.annotation.ProxyTransactionManagementConfiguration$$EnhancerBySpringCGLIB$$bc707856] is not eligible for getting processed by all BeanPostProcessors (for example: not eligible for auto-proxying) 
2018-08-18 00:02:46 1661 [main] INFO  o.s.c.s.PostProcessorRegistrationDelegate$BeanPostProcessorChecker - Bean 'jedisConnectionFactory' of type [org.springframework.data.redis.connection.jedis.JedisConnectionFactory] is not eligible for getting processed by all BeanPostProcessors (for example: not eligible for auto-proxying) 
2018-08-18 00:02:46 1663 [main] INFO  o.s.c.s.PostProcessorRegistrationDelegate$BeanPostProcessorChecker - Bean 'redisConfig' of type [com.outaa.springboot_layui.comm.config.RedisConfig$$EnhancerBySpringCGLIB$$1f954085] is not eligible for getting processed by all BeanPostProcessors (for example: not eligible for auto-proxying) 
2018-08-18 00:02:46 1668 [main] INFO  o.s.c.s.PostProcessorRegistrationDelegate$BeanPostProcessorChecker - Bean 'keyGenerator' of type [com.outaa.springboot_layui.comm.config.RedisConfig$1] is not eligible for getting processed by all BeanPostProcessors (for example: not eligible for auto-proxying) 
2018-08-18 00:02:46 2033 [main] INFO  o.s.b.w.e.tomcat.TomcatWebServer - Tomcat initialized with port(s): 8888 (http) 
2018-08-18 00:02:46 2042 [main] INFO  o.a.coyote.http11.Http11NioProtocol - Initializing ProtocolHandler ["http-nio-8888"] 
2018-08-18 00:02:46 2051 [main] INFO  o.a.catalina.core.StandardService - Starting service [Tomcat] 
2018-08-18 00:02:46 2051 [main] INFO  o.a.catalina.core.StandardEngine - Starting Servlet Engine: Apache Tomcat/8.5.32 
2018-08-18 00:02:46 2055 [localhost-startStop-1] INFO  o.a.c.core.AprLifecycleListener - The APR based Apache Tomcat Native library which allows optimal performance in production environments was not found on the java.library.path: [D:\javaTools\jdk1.8.0_102_64\bin;C:\WINDOWS\Sun\Java\bin;C:\WINDOWS\system32;C:\WINDOWS;C:\Program Files (x86)\Common Files\NetSarang;D:\app\MrDu\product\11.2.0\dbhome_1\bin;C:\WINDOWS\system32;C:\WINDOWS;C:\WINDOWS\System32\Wbem;C:\WINDOWS\System32\WindowsPowerShell\v1.0\;";D:\javaTools\jdk1.8.0_102_64\bin;D:\javaTools\jdk1.8.0_102_64\jre\bin;D:\javaTools\MySQL\MySQL Server 5.5\bin;D:\Program Files (x86)\Sybase\PowerDesigner 15;D:\TortoiseSVN\bin";D:\javaTools\Maven\apache-maven-3.3.3-bin\apache-maven-3.3.3\bin;C:\Program Files\Git\cmd;D:\Python64;D:\javaTools\MySQL\MySQL Server 5.5\bin\mysqld;C:\WINDOWS\System32\OpenSSH\;D:\javaTools\jdk1.8.0_102_64\bin;D:\javaTools\jdk1.8.0_102_64\jre\bin;D:\jeesite_workspace\jeesite\doc\maven\maven\maven3\bin;D:\Hadoop\\bin;D:\Program Files\Microsoft SQL Server\110\DTS\Binn\;D:\Program Files (x86)\Microsoft SQL Server\110\Tools\Binn\;D:\Program Files\Microsoft SQL Server\110\Tools\Binn\;D:\Program Files (x86)\Microsoft SQL Server\110\Tools\Binn\ManagementStudio\;C:\Program Files (x86)\Microsoft Visual Studio 10.0\Common7\IDE\PrivateAssemblies\;D:\Program Files (x86)\Microsoft SQL Server\110\DTS\Binn\;D:\TortoiseSVN\bin;C:\Users\Mr Du\AppData\Local\Microsoft\WindowsApps;;.] 
2018-08-18 00:02:46 2151 [localhost-startStop-1] INFO  o.a.c.c.C.[Tomcat].[localhost].[/] - Initializing Spring embedded WebApplicationContext 
2018-08-18 00:02:46 2152 [localhost-startStop-1] INFO  o.s.web.context.ContextLoader - Root WebApplicationContext: initialization completed in 1653 ms 
2018-08-18 00:02:46 2218 [localhost-startStop-1] INFO  o.s.b.w.s.ServletRegistrationBean - Servlet dispatcherServlet mapped to [/] 
2018-08-18 00:02:46 2223 [localhost-startStop-1] INFO  o.s.b.w.s.FilterRegistrationBean - Mapping filter: 'characterEncodingFilter' to: [/*] 
2018-08-18 00:02:46 2224 [localhost-startStop-1] INFO  o.s.b.w.s.FilterRegistrationBean - Mapping filter: 'hiddenHttpMethodFilter' to: [/*] 
2018-08-18 00:02:46 2224 [localhost-startStop-1] INFO  o.s.b.w.s.FilterRegistrationBean - Mapping filter: 'httpPutFormContentFilter' to: [/*] 
2018-08-18 00:02:46 2224 [localhost-startStop-1] INFO  o.s.b.w.s.FilterRegistrationBean - Mapping filter: 'requestContextFilter' to: [/*] 
2018-08-18 00:02:47 2714 [main] INFO  o.s.w.s.h.SimpleUrlHandlerMapping - Mapped URL path [/**/favicon.ico] onto handler of type [class org.springframework.web.servlet.resource.ResourceHttpRequestHandler] 
2018-08-18 00:02:47 2933 [main] INFO  o.s.w.s.m.m.a.RequestMappingHandlerAdapter - Looking for @ControllerAdvice: org.springframework.boot.web.servlet.context.AnnotationConfigServletWebServerApplicationContext@20deea7f: startup date [Sat Aug 18 00:02:45 CST 2018]; root of context hierarchy 
2018-08-18 00:02:47 2985 [main] INFO  o.s.w.s.m.m.a.RequestMappingHandlerMapping - Mapped "{[/reg],methods=[GET]}" onto public java.lang.String com.outaa.springboot_layui.modules.sys.web.AuthController.path() 
2018-08-18 00:02:47 2987 [main] INFO  o.s.w.s.m.m.a.RequestMappingHandlerMapping - Mapped "{[],methods=[GET || POST]}" onto public java.lang.String com.outaa.springboot_layui.modules.sys.web.AuthController.home(java.lang.String,org.springframework.ui.Model) 
2018-08-18 00:02:47 2988 [main] INFO  o.s.w.s.m.m.a.RequestMappingHandlerMapping - Mapped "{[/login],methods=[POST]}" onto public java.lang.String com.outaa.springboot_layui.modules.sys.web.AuthController.login(com.outaa.springboot_layui.modules.sys.entity.User,javax.servlet.http.HttpServletRequest) 
2018-08-18 00:02:47 2988 [main] INFO  o.s.w.s.m.m.a.RequestMappingHandlerMapping - Mapped "{[/verifyLogin],methods=[POST]}" onto public java.lang.String com.outaa.springboot_layui.modules.sys.web.AuthController.verifyLogin(com.outaa.springboot_layui.modules.sys.entity.User,javax.servlet.http.HttpServletRequest,javax.servlet.http.HttpServletResponse,org.springframework.web.servlet.mvc.support.RedirectAttributes) throws java.io.IOException 
2018-08-18 00:02:47 2988 [main] INFO  o.s.w.s.m.m.a.RequestMappingHandlerMapping - Mapped "{[/kaptcha]}" onto public org.springframework.web.servlet.ModelAndView com.outaa.springboot_layui.modules.sys.web.AuthController.getKaptchaImage(javax.servlet.http.HttpServletRequest,javax.servlet.http.HttpServletResponse) throws java.lang.Exception 
2018-08-18 00:02:47 2989 [main] INFO  o.s.w.s.m.m.a.RequestMappingHandlerMapping - Mapped "{[/startCaptcha],methods=[GET]}" onto public void com.outaa.springboot_layui.modules.sys.web.AuthController.startCaptcha(javax.servlet.http.HttpServletRequest,javax.servlet.http.HttpServletResponse) throws java.io.IOException 
2018-08-18 00:02:47 2991 [main] INFO  o.s.w.s.m.m.a.RequestMappingHandlerMapping - Mapped "{[/error]}" onto public org.springframework.http.ResponseEntity<java.util.Map<java.lang.String, java.lang.Object>> org.springframework.boot.autoconfigure.web.servlet.error.BasicErrorController.error(javax.servlet.http.HttpServletRequest) 
2018-08-18 00:02:47 2991 [main] INFO  o.s.w.s.m.m.a.RequestMappingHandlerMapping - Mapped "{[/error],produces=[text/html]}" onto public org.springframework.web.servlet.ModelAndView org.springframework.boot.autoconfigure.web.servlet.error.BasicErrorController.errorHtml(javax.servlet.http.HttpServletRequest,javax.servlet.http.HttpServletResponse) 
2018-08-18 00:02:47 3017 [main] INFO  o.s.w.s.h.SimpleUrlHandlerMapping - Mapped URL path [/webjars/**] onto handler of type [class org.springframework.web.servlet.resource.ResourceHttpRequestHandler] 
2018-08-18 00:02:47 3017 [main] INFO  o.s.w.s.h.SimpleUrlHandlerMapping - Mapped URL path [/**] onto handler of type [class org.springframework.web.servlet.resource.ResourceHttpRequestHandler] 
2018-08-18 00:02:47 3031 [main] INFO  o.s.w.s.m.m.a.ExceptionHandlerExceptionResolver - Detected @ExceptionHandler methods in exceptionHandle 
2018-08-18 00:02:47 3116 [main] INFO  o.s.b.a.w.s.WelcomePageHandlerMapping - Adding welcome page template: index 
2018-08-18 00:02:48 3420 [main] INFO  o.s.j.e.a.AnnotationMBeanExporter - Registering beans for JMX exposure on startup 
2018-08-18 00:02:48 3422 [main] INFO  o.s.j.e.a.AnnotationMBeanExporter - Bean with name 'dataSource' has been autodetected for JMX exposure 
2018-08-18 00:02:48 3428 [main] INFO  o.s.j.e.a.AnnotationMBeanExporter - Located MBean 'dataSource': registering with JMX server as MBean [com.zaxxer.hikari:name=dataSource,type=HikariDataSource] 
2018-08-18 00:02:48 3455 [main] INFO  o.a.coyote.http11.Http11NioProtocol - Starting ProtocolHandler ["http-nio-8888"] 
2018-08-18 00:02:48 3463 [main] INFO  o.a.tomcat.util.net.NioSelectorPool - Using a shared selector for servlet write/read 
2018-08-18 00:02:48 3476 [main] INFO  o.s.b.w.e.tomcat.TomcatWebServer - Tomcat started on port(s): 8888 (http) with context path '' 
2018-08-18 00:02:48 3479 [main] INFO  c.o.s.SpringbootLayuiApplication - Started SpringbootLayuiApplication in 3.512 seconds (JVM running for 4.313) 
2018-08-18 00:02:57 12591 [http-nio-8888-exec-1] INFO  o.a.tomcat.util.http.parser.Cookie - A cookie header was received [1525316773,1525519139,1525537175; JSESSIONID=5715863A03E65EFE717381037A995644] that contained an invalid cookie. That cookie will be ignored.Note: further occurrences of this error will be logged at DEBUG level. 
2018-08-18 00:02:57 12598 [http-nio-8888-exec-1] INFO  o.a.c.c.C.[Tomcat].[localhost].[/] - Initializing Spring FrameworkServlet 'dispatcherServlet' 
2018-08-18 00:02:57 12598 [http-nio-8888-exec-1] INFO  o.s.web.servlet.DispatcherServlet - FrameworkServlet 'dispatcherServlet': initialization started 
2018-08-18 00:02:57 12625 [http-nio-8888-exec-1] INFO  o.s.web.servlet.DispatcherServlet - FrameworkServlet 'dispatcherServlet': initialization completed in 27 ms 
2018-08-18 00:03:10 25448 [http-nio-8888-exec-3] INFO  c.o.s.m.sys.web.AuthController - gt-server正常，验证结果：1 
2018-08-18 00:11:53 464  [main] INFO  c.o.s.SpringbootLayuiApplication - Starting SpringbootLayuiApplication on DESKTOP-6OJN8E5 with PID 12188 (D:\wufang\springboot_layui\target\classes started by Mr Du in D:\wufang\springboot_layui) 
2018-08-18 00:11:53 464  [main] INFO  c.o.s.SpringbootLayuiApplication - The following profiles are active: dev 
2018-08-18 00:11:53 510  [main] INFO  o.s.b.w.s.c.AnnotationConfigServletWebServerApplicationContext - Refreshing org.springframework.boot.web.servlet.context.AnnotationConfigServletWebServerApplicationContext@6a192cfe: startup date [Sat Aug 18 00:11:53 CST 2018]; root of context hierarchy 
2018-08-18 00:11:53 1219 [main] INFO  o.s.d.r.c.RepositoryConfigurationDelegate - Multiple Spring Data modules found, entering strict repository configuration mode! 
2018-08-18 00:11:54 1558 [main] INFO  o.s.c.s.PostProcessorRegistrationDelegate$BeanPostProcessorChecker - Bean 'jedisRedisConfig' of type [com.outaa.springboot_layui.comm.config.JedisRedisConfig$$EnhancerBySpringCGLIB$$3e03ec5b] is not eligible for getting processed by all BeanPostProcessors (for example: not eligible for auto-proxying) 
2018-08-18 00:11:54 1565 [main] INFO  o.s.c.s.PostProcessorRegistrationDelegate$BeanPostProcessorChecker - Bean 'org.springframework.transaction.annotation.ProxyTransactionManagementConfiguration' of type [org.springframework.transaction.annotation.ProxyTransactionManagementConfiguration$$EnhancerBySpringCGLIB$$5fbc75f9] is not eligible for getting processed by all BeanPostProcessors (for example: not eligible for auto-proxying) 
2018-08-18 00:11:54 1649 [main] INFO  o.s.c.s.PostProcessorRegistrationDelegate$BeanPostProcessorChecker - Bean 'jedisConnectionFactory' of type [org.springframework.data.redis.connection.jedis.JedisConnectionFactory] is not eligible for getting processed by all BeanPostProcessors (for example: not eligible for auto-proxying) 
2018-08-18 00:11:54 1651 [main] INFO  o.s.c.s.PostProcessorRegistrationDelegate$BeanPostProcessorChecker - Bean 'redisConfig' of type [com.outaa.springboot_layui.comm.config.RedisConfig$$EnhancerBySpringCGLIB$$c2e13e28] is not eligible for getting processed by all BeanPostProcessors (for example: not eligible for auto-proxying) 
2018-08-18 00:11:54 1658 [main] INFO  o.s.c.s.PostProcessorRegistrationDelegate$BeanPostProcessorChecker - Bean 'keyGenerator' of type [com.outaa.springboot_layui.comm.config.RedisConfig$1] is not eligible for getting processed by all BeanPostProcessors (for example: not eligible for auto-proxying) 
2018-08-18 00:11:54 2039 [main] INFO  o.s.b.w.e.tomcat.TomcatWebServer - Tomcat initialized with port(s): 8888 (http) 
2018-08-18 00:11:54 2051 [main] INFO  o.a.coyote.http11.Http11NioProtocol - Initializing ProtocolHandler ["http-nio-8888"] 
2018-08-18 00:11:54 2061 [main] INFO  o.a.catalina.core.StandardService - Starting service [Tomcat] 
2018-08-18 00:11:54 2061 [main] INFO  o.a.catalina.core.StandardEngine - Starting Servlet Engine: Apache Tomcat/8.5.32 
2018-08-18 00:11:54 2065 [localhost-startStop-1] INFO  o.a.c.core.AprLifecycleListener - The APR based Apache Tomcat Native library which allows optimal performance in production environments was not found on the java.library.path: [D:\javaTools\jdk1.8.0_102_64\bin;C:\WINDOWS\Sun\Java\bin;C:\WINDOWS\system32;C:\WINDOWS;C:\Program Files (x86)\Common Files\NetSarang;D:\app\MrDu\product\11.2.0\dbhome_1\bin;C:\WINDOWS\system32;C:\WINDOWS;C:\WINDOWS\System32\Wbem;C:\WINDOWS\System32\WindowsPowerShell\v1.0\;";D:\javaTools\jdk1.8.0_102_64\bin;D:\javaTools\jdk1.8.0_102_64\jre\bin;D:\javaTools\MySQL\MySQL Server 5.5\bin;D:\Program Files (x86)\Sybase\PowerDesigner 15;D:\TortoiseSVN\bin";D:\javaTools\Maven\apache-maven-3.3.3-bin\apache-maven-3.3.3\bin;C:\Program Files\Git\cmd;D:\Python64;D:\javaTools\MySQL\MySQL Server 5.5\bin\mysqld;C:\WINDOWS\System32\OpenSSH\;D:\javaTools\jdk1.8.0_102_64\bin;D:\javaTools\jdk1.8.0_102_64\jre\bin;D:\jeesite_workspace\jeesite\doc\maven\maven\maven3\bin;D:\Hadoop\\bin;D:\Program Files\Microsoft SQL Server\110\DTS\Binn\;D:\Program Files (x86)\Microsoft SQL Server\110\Tools\Binn\;D:\Program Files\Microsoft SQL Server\110\Tools\Binn\;D:\Program Files (x86)\Microsoft SQL Server\110\Tools\Binn\ManagementStudio\;C:\Program Files (x86)\Microsoft Visual Studio 10.0\Common7\IDE\PrivateAssemblies\;D:\Program Files (x86)\Microsoft SQL Server\110\DTS\Binn\;D:\TortoiseSVN\bin;C:\Users\Mr Du\AppData\Local\Microsoft\WindowsApps;;.] 
2018-08-18 00:11:54 2166 [localhost-startStop-1] INFO  o.a.c.c.C.[Tomcat].[localhost].[/] - Initializing Spring embedded WebApplicationContext 
2018-08-18 00:11:54 2166 [localhost-startStop-1] INFO  o.s.web.context.ContextLoader - Root WebApplicationContext: initialization completed in 1656 ms 
2018-08-18 00:11:54 2253 [localhost-startStop-1] INFO  o.s.b.w.s.ServletRegistrationBean - Servlet dispatcherServlet mapped to [/] 
2018-08-18 00:11:54 2258 [localhost-startStop-1] INFO  o.s.b.w.s.FilterRegistrationBean - Mapping filter: 'characterEncodingFilter' to: [/*] 
2018-08-18 00:11:54 2258 [localhost-startStop-1] INFO  o.s.b.w.s.FilterRegistrationBean - Mapping filter: 'hiddenHttpMethodFilter' to: [/*] 
2018-08-18 00:11:54 2258 [localhost-startStop-1] INFO  o.s.b.w.s.FilterRegistrationBean - Mapping filter: 'httpPutFormContentFilter' to: [/*] 
2018-08-18 00:11:54 2258 [localhost-startStop-1] INFO  o.s.b.w.s.FilterRegistrationBean - Mapping filter: 'requestContextFilter' to: [/*] 
2018-08-18 00:11:55 2826 [main] INFO  o.s.w.s.h.SimpleUrlHandlerMapping - Mapped URL path [/**/favicon.ico] onto handler of type [class org.springframework.web.servlet.resource.ResourceHttpRequestHandler] 
2018-08-18 00:11:55 3075 [main] INFO  o.s.w.s.m.m.a.RequestMappingHandlerAdapter - Looking for @ControllerAdvice: org.springframework.boot.web.servlet.context.AnnotationConfigServletWebServerApplicationContext@6a192cfe: startup date [Sat Aug 18 00:11:53 CST 2018]; root of context hierarchy 
2018-08-18 00:11:55 3165 [main] INFO  o.s.w.s.m.m.a.RequestMappingHandlerMapping - Mapped "{[/reg],methods=[GET]}" onto public java.lang.String com.outaa.springboot_layui.modules.sys.web.AuthController.path() 
2018-08-18 00:11:55 3168 [main] INFO  o.s.w.s.m.m.a.RequestMappingHandlerMapping - Mapped "{[],methods=[GET || POST]}" onto public java.lang.String com.outaa.springboot_layui.modules.sys.web.AuthController.home(java.lang.String,org.springframework.ui.Model) 
2018-08-18 00:11:55 3169 [main] INFO  o.s.w.s.m.m.a.RequestMappingHandlerMapping - Mapped "{[/login],methods=[POST]}" onto public java.lang.String com.outaa.springboot_layui.modules.sys.web.AuthController.login(com.outaa.springboot_layui.modules.sys.entity.User,javax.servlet.http.HttpServletRequest) 
2018-08-18 00:11:55 3172 [main] INFO  o.s.w.s.m.m.a.RequestMappingHandlerMapping - Mapped "{[/startCaptcha],methods=[GET]}" onto public void com.outaa.springboot_layui.modules.sys.web.AuthController.startCaptcha(javax.servlet.http.HttpServletRequest,javax.servlet.http.HttpServletResponse) throws java.io.IOException 
2018-08-18 00:11:55 3173 [main] INFO  o.s.w.s.m.m.a.RequestMappingHandlerMapping - Mapped "{[/kaptcha]}" onto public org.springframework.web.servlet.ModelAndView com.outaa.springboot_layui.modules.sys.web.AuthController.getKaptchaImage(javax.servlet.http.HttpServletRequest,javax.servlet.http.HttpServletResponse) throws java.lang.Exception 
2018-08-18 00:11:55 3176 [main] INFO  o.s.w.s.m.m.a.RequestMappingHandlerMapping - Mapped "{[/verifyLogin],methods=[POST]}" onto public java.lang.String com.outaa.springboot_layui.modules.sys.web.AuthController.verifyLogin(com.outaa.springboot_layui.modules.sys.entity.User,javax.servlet.http.HttpServletRequest,javax.servlet.http.HttpServletResponse,org.springframework.web.servlet.mvc.support.RedirectAttributes) throws java.io.IOException 
2018-08-18 00:11:55 3181 [main] INFO  o.s.w.s.m.m.a.RequestMappingHandlerMapping - Mapped "{[/error]}" onto public org.springframework.http.ResponseEntity<java.util.Map<java.lang.String, java.lang.Object>> org.springframework.boot.autoconfigure.web.servlet.error.BasicErrorController.error(javax.servlet.http.HttpServletRequest) 
2018-08-18 00:11:55 3182 [main] INFO  o.s.w.s.m.m.a.RequestMappingHandlerMapping - Mapped "{[/error],produces=[text/html]}" onto public org.springframework.web.servlet.ModelAndView org.springframework.boot.autoconfigure.web.servlet.error.BasicErrorController.errorHtml(javax.servlet.http.HttpServletRequest,javax.servlet.http.HttpServletResponse) 
2018-08-18 00:11:55 3237 [main] INFO  o.s.w.s.h.SimpleUrlHandlerMapping - Mapped URL path [/webjars/**] onto handler of type [class org.springframework.web.servlet.resource.ResourceHttpRequestHandler] 
2018-08-18 00:11:55 3238 [main] INFO  o.s.w.s.h.SimpleUrlHandlerMapping - Mapped URL path [/**] onto handler of type [class org.springframework.web.servlet.resource.ResourceHttpRequestHandler] 
2018-08-18 00:11:55 3267 [main] INFO  o.s.w.s.m.m.a.ExceptionHandlerExceptionResolver - Detected @ExceptionHandler methods in exceptionHandle 
2018-08-18 00:11:56 3437 [main] INFO  o.s.b.a.w.s.WelcomePageHandlerMapping - Adding welcome page template: index 
2018-08-18 00:11:56 3743 [main] INFO  o.s.j.e.a.AnnotationMBeanExporter - Registering beans for JMX exposure on startup 
2018-08-18 00:11:56 3744 [main] INFO  o.s.j.e.a.AnnotationMBeanExporter - Bean with name 'dataSource' has been autodetected for JMX exposure 
2018-08-18 00:11:56 3749 [main] INFO  o.s.j.e.a.AnnotationMBeanExporter - Located MBean 'dataSource': registering with JMX server as MBean [com.zaxxer.hikari:name=dataSource,type=HikariDataSource] 
2018-08-18 00:11:56 3776 [main] INFO  o.a.coyote.http11.Http11NioProtocol - Starting ProtocolHandler ["http-nio-8888"] 
2018-08-18 00:11:56 3785 [main] INFO  o.a.tomcat.util.net.NioSelectorPool - Using a shared selector for servlet write/read 
2018-08-18 00:11:56 3797 [main] INFO  o.s.b.w.e.tomcat.TomcatWebServer - Tomcat started on port(s): 8888 (http) with context path '' 
2018-08-18 00:11:56 3800 [main] INFO  c.o.s.SpringbootLayuiApplication - Started SpringbootLayuiApplication in 3.835 seconds (JVM running for 4.632) 
2018-08-18 00:12:31 39253 [http-nio-8888-exec-1] INFO  o.a.tomcat.util.http.parser.Cookie - A cookie header was received [1525316773,1525519139,1525537175; JSESSIONID=423E2673694D46F6CE4BA55118240369] that contained an invalid cookie. That cookie will be ignored.Note: further occurrences of this error will be logged at DEBUG level. 
2018-08-18 00:12:31 39261 [http-nio-8888-exec-1] INFO  o.a.c.c.C.[Tomcat].[localhost].[/] - Initializing Spring FrameworkServlet 'dispatcherServlet' 
2018-08-18 00:12:31 39261 [http-nio-8888-exec-1] INFO  o.s.web.servlet.DispatcherServlet - FrameworkServlet 'dispatcherServlet': initialization started 
2018-08-18 00:12:31 39285 [http-nio-8888-exec-1] INFO  o.s.web.servlet.DispatcherServlet - FrameworkServlet 'dispatcherServlet': initialization completed in 24 ms 
2018-08-18 00:12:49 56930 [http-nio-8888-exec-5] INFO  c.o.s.m.sys.web.AuthController - gt-server正常，验证结果：1 
2018-08-18 00:12:50 57391 [http-nio-8888-exec-5] INFO  com.zaxxer.hikari.HikariDataSource - HikariPool-1 - Starting... 
2018-08-18 00:12:50 57681 [http-nio-8888-exec-5] INFO  com.zaxxer.hikari.HikariDataSource - HikariPool-1 - Start completed. 
2018-08-18 00:12:50 57817 [http-nio-8888-exec-5] INFO  o.s.b.f.xml.XmlBeanDefinitionReader - Loading XML bean definitions from class path resource [org/springframework/jdbc/support/sql-error-codes.xml] 
2018-08-18 00:16:13 484  [main] INFO  c.o.s.SpringbootLayuiApplication - Starting SpringbootLayuiApplication on DESKTOP-6OJN8E5 with PID 17564 (D:\wufang\springboot_layui\target\classes started by Mr Du in D:\wufang\springboot_layui) 
2018-08-18 00:16:13 484  [main] INFO  c.o.s.SpringbootLayuiApplication - The following profiles are active: dev 
2018-08-18 00:16:13 561  [main] INFO  o.s.b.w.s.c.AnnotationConfigServletWebServerApplicationContext - Refreshing org.springframework.boot.web.servlet.context.AnnotationConfigServletWebServerApplicationContext@4d9e68d0: startup date [Sat Aug 18 00:16:13 CST 2018]; root of context hierarchy 
2018-08-18 00:16:14 1188 [main] INFO  o.s.d.r.c.RepositoryConfigurationDelegate - Multiple Spring Data modules found, entering strict repository configuration mode! 
2018-08-18 00:16:14 1510 [main] INFO  o.s.c.s.PostProcessorRegistrationDelegate$BeanPostProcessorChecker - Bean 'jedisRedisConfig' of type [com.outaa.springboot_layui.comm.config.JedisRedisConfig$$EnhancerBySpringCGLIB$$d1f4aa10] is not eligible for getting processed by all BeanPostProcessors (for example: not eligible for auto-proxying) 
2018-08-18 00:16:14 1517 [main] INFO  o.s.c.s.PostProcessorRegistrationDelegate$BeanPostProcessorChecker - Bean 'org.springframework.transaction.annotation.ProxyTransactionManagementConfiguration' of type [org.springframework.transaction.annotation.ProxyTransactionManagementConfiguration$$EnhancerBySpringCGLIB$$f3ad33ae] is not eligible for getting processed by all BeanPostProcessors (for example: not eligible for auto-proxying) 
2018-08-18 00:16:14 1582 [main] INFO  o.s.c.s.PostProcessorRegistrationDelegate$BeanPostProcessorChecker - Bean 'jedisConnectionFactory' of type [org.springframework.data.redis.connection.jedis.JedisConnectionFactory] is not eligible for getting processed by all BeanPostProcessors (for example: not eligible for auto-proxying) 
2018-08-18 00:16:14 1585 [main] INFO  o.s.c.s.PostProcessorRegistrationDelegate$BeanPostProcessorChecker - Bean 'redisConfig' of type [com.outaa.springboot_layui.comm.config.RedisConfig$$EnhancerBySpringCGLIB$$56d1fbdd] is not eligible for getting processed by all BeanPostProcessors (for example: not eligible for auto-proxying) 
2018-08-18 00:16:14 1590 [main] INFO  o.s.c.s.PostProcessorRegistrationDelegate$BeanPostProcessorChecker - Bean 'keyGenerator' of type [com.outaa.springboot_layui.comm.config.RedisConfig$1] is not eligible for getting processed by all BeanPostProcessors (for example: not eligible for auto-proxying) 
2018-08-18 00:16:15 1949 [main] INFO  o.s.b.w.e.tomcat.TomcatWebServer - Tomcat initialized with port(s): 8888 (http) 
2018-08-18 00:16:15 1960 [main] INFO  o.a.coyote.http11.Http11NioProtocol - Initializing ProtocolHandler ["http-nio-8888"] 
2018-08-18 00:16:15 1969 [main] INFO  o.a.catalina.core.StandardService - Starting service [Tomcat] 
2018-08-18 00:16:15 1969 [main] INFO  o.a.catalina.core.StandardEngine - Starting Servlet Engine: Apache Tomcat/8.5.32 
2018-08-18 00:16:15 1972 [localhost-startStop-1] INFO  o.a.c.core.AprLifecycleListener - The APR based Apache Tomcat Native library which allows optimal performance in production environments was not found on the java.library.path: [D:\javaTools\jdk1.8.0_102_64\bin;C:\WINDOWS\Sun\Java\bin;C:\WINDOWS\system32;C:\WINDOWS;C:\Program Files (x86)\Common Files\NetSarang;D:\app\MrDu\product\11.2.0\dbhome_1\bin;C:\WINDOWS\system32;C:\WINDOWS;C:\WINDOWS\System32\Wbem;C:\WINDOWS\System32\WindowsPowerShell\v1.0\;";D:\javaTools\jdk1.8.0_102_64\bin;D:\javaTools\jdk1.8.0_102_64\jre\bin;D:\javaTools\MySQL\MySQL Server 5.5\bin;D:\Program Files (x86)\Sybase\PowerDesigner 15;D:\TortoiseSVN\bin";D:\javaTools\Maven\apache-maven-3.3.3-bin\apache-maven-3.3.3\bin;C:\Program Files\Git\cmd;D:\Python64;D:\javaTools\MySQL\MySQL Server 5.5\bin\mysqld;C:\WINDOWS\System32\OpenSSH\;D:\javaTools\jdk1.8.0_102_64\bin;D:\javaTools\jdk1.8.0_102_64\jre\bin;D:\jeesite_workspace\jeesite\doc\maven\maven\maven3\bin;D:\Hadoop\\bin;D:\Program Files\Microsoft SQL Server\110\DTS\Binn\;D:\Program Files (x86)\Microsoft SQL Server\110\Tools\Binn\;D:\Program Files\Microsoft SQL Server\110\Tools\Binn\;D:\Program Files (x86)\Microsoft SQL Server\110\Tools\Binn\ManagementStudio\;C:\Program Files (x86)\Microsoft Visual Studio 10.0\Common7\IDE\PrivateAssemblies\;D:\Program Files (x86)\Microsoft SQL Server\110\DTS\Binn\;D:\TortoiseSVN\bin;C:\Users\Mr Du\AppData\Local\Microsoft\WindowsApps;;.] 
2018-08-18 00:16:15 2072 [localhost-startStop-1] INFO  o.a.c.c.C.[Tomcat].[localhost].[/] - Initializing Spring embedded WebApplicationContext 
2018-08-18 00:16:15 2072 [localhost-startStop-1] INFO  o.s.web.context.ContextLoader - Root WebApplicationContext: initialization completed in 1511 ms 
2018-08-18 00:16:15 2150 [localhost-startStop-1] INFO  o.s.b.w.s.ServletRegistrationBean - Servlet dispatcherServlet mapped to [/] 
2018-08-18 00:16:15 2156 [localhost-startStop-1] INFO  o.s.b.w.s.FilterRegistrationBean - Mapping filter: 'characterEncodingFilter' to: [/*] 
2018-08-18 00:16:15 2156 [localhost-startStop-1] INFO  o.s.b.w.s.FilterRegistrationBean - Mapping filter: 'hiddenHttpMethodFilter' to: [/*] 
2018-08-18 00:16:15 2157 [localhost-startStop-1] INFO  o.s.b.w.s.FilterRegistrationBean - Mapping filter: 'httpPutFormContentFilter' to: [/*] 
2018-08-18 00:16:15 2157 [localhost-startStop-1] INFO  o.s.b.w.s.FilterRegistrationBean - Mapping filter: 'requestContextFilter' to: [/*] 
2018-08-18 00:16:15 2661 [main] INFO  o.s.w.s.h.SimpleUrlHandlerMapping - Mapped URL path [/**/favicon.ico] onto handler of type [class org.springframework.web.servlet.resource.ResourceHttpRequestHandler] 
2018-08-18 00:16:16 2878 [main] INFO  o.s.w.s.m.m.a.RequestMappingHandlerAdapter - Looking for @ControllerAdvice: org.springframework.boot.web.servlet.context.AnnotationConfigServletWebServerApplicationContext@4d9e68d0: startup date [Sat Aug 18 00:16:13 CST 2018]; root of context hierarchy 
2018-08-18 00:16:16 2927 [main] INFO  o.s.w.s.m.m.a.RequestMappingHandlerMapping - Mapped "{[/reg],methods=[GET]}" onto public java.lang.String com.outaa.springboot_layui.modules.sys.web.AuthController.path() 
2018-08-18 00:16:16 2929 [main] INFO  o.s.w.s.m.m.a.RequestMappingHandlerMapping - Mapped "{[],methods=[GET || POST]}" onto public java.lang.String com.outaa.springboot_layui.modules.sys.web.AuthController.home(java.lang.String,org.springframework.ui.Model) 
2018-08-18 00:16:16 2930 [main] INFO  o.s.w.s.m.m.a.RequestMappingHandlerMapping - Mapped "{[/login],methods=[POST]}" onto public java.lang.String com.outaa.springboot_layui.modules.sys.web.AuthController.login(com.outaa.springboot_layui.modules.sys.entity.User,javax.servlet.http.HttpServletRequest) 
2018-08-18 00:16:16 2930 [main] INFO  o.s.w.s.m.m.a.RequestMappingHandlerMapping - Mapped "{[/kaptcha]}" onto public org.springframework.web.servlet.ModelAndView com.outaa.springboot_layui.modules.sys.web.AuthController.getKaptchaImage(javax.servlet.http.HttpServletRequest,javax.servlet.http.HttpServletResponse) throws java.lang.Exception 
2018-08-18 00:16:16 2930 [main] INFO  o.s.w.s.m.m.a.RequestMappingHandlerMapping - Mapped "{[/startCaptcha],methods=[GET]}" onto public void com.outaa.springboot_layui.modules.sys.web.AuthController.startCaptcha(javax.servlet.http.HttpServletRequest,javax.servlet.http.HttpServletResponse) throws java.io.IOException 
2018-08-18 00:16:16 2930 [main] INFO  o.s.w.s.m.m.a.RequestMappingHandlerMapping - Mapped "{[/verifyLogin],methods=[POST]}" onto public java.lang.String com.outaa.springboot_layui.modules.sys.web.AuthController.verifyLogin(com.outaa.springboot_layui.modules.sys.entity.User,javax.servlet.http.HttpServletRequest,javax.servlet.http.HttpServletResponse,org.springframework.web.servlet.mvc.support.RedirectAttributes) throws java.io.IOException 
2018-08-18 00:16:16 2932 [main] INFO  o.s.w.s.m.m.a.RequestMappingHandlerMapping - Mapped "{[/error]}" onto public org.springframework.http.ResponseEntity<java.util.Map<java.lang.String, java.lang.Object>> org.springframework.boot.autoconfigure.web.servlet.error.BasicErrorController.error(javax.servlet.http.HttpServletRequest) 
2018-08-18 00:16:16 2933 [main] INFO  o.s.w.s.m.m.a.RequestMappingHandlerMapping - Mapped "{[/error],produces=[text/html]}" onto public org.springframework.web.servlet.ModelAndView org.springframework.boot.autoconfigure.web.servlet.error.BasicErrorController.errorHtml(javax.servlet.http.HttpServletRequest,javax.servlet.http.HttpServletResponse) 
2018-08-18 00:16:16 2960 [main] INFO  o.s.w.s.h.SimpleUrlHandlerMapping - Mapped URL path [/webjars/**] onto handler of type [class org.springframework.web.servlet.resource.ResourceHttpRequestHandler] 
2018-08-18 00:16:16 2960 [main] INFO  o.s.w.s.h.SimpleUrlHandlerMapping - Mapped URL path [/**] onto handler of type [class org.springframework.web.servlet.resource.ResourceHttpRequestHandler] 
2018-08-18 00:16:16 2974 [main] INFO  o.s.w.s.m.m.a.ExceptionHandlerExceptionResolver - Detected @ExceptionHandler methods in exceptionHandle 
2018-08-18 00:16:16 3056 [main] INFO  o.s.b.a.w.s.WelcomePageHandlerMapping - Adding welcome page template: index 
2018-08-18 00:16:16 3375 [main] INFO  o.s.j.e.a.AnnotationMBeanExporter - Registering beans for JMX exposure on startup 
2018-08-18 00:16:16 3377 [main] INFO  o.s.j.e.a.AnnotationMBeanExporter - Bean with name 'dataSource' has been autodetected for JMX exposure 
2018-08-18 00:16:16 3383 [main] INFO  o.s.j.e.a.AnnotationMBeanExporter - Located MBean 'dataSource': registering with JMX server as MBean [com.zaxxer.hikari:name=dataSource,type=HikariDataSource] 
2018-08-18 00:16:16 3411 [main] INFO  o.a.coyote.http11.Http11NioProtocol - Starting ProtocolHandler ["http-nio-8888"] 
2018-08-18 00:16:16 3419 [main] INFO  o.a.tomcat.util.net.NioSelectorPool - Using a shared selector for servlet write/read 
2018-08-18 00:16:16 3432 [main] INFO  o.s.b.w.e.tomcat.TomcatWebServer - Tomcat started on port(s): 8888 (http) with context path '' 
2018-08-18 00:16:16 3437 [main] INFO  c.o.s.SpringbootLayuiApplication - Started SpringbootLayuiApplication in 3.469 seconds (JVM running for 4.37) 
2018-08-18 00:16:23 10298 [http-nio-8888-exec-1] INFO  o.a.tomcat.util.http.parser.Cookie - A cookie header was received [1525316773,1525519139,1525537175; JSESSIONID=D56D31A20560DC98CC0475CAD892FF65] that contained an invalid cookie. That cookie will be ignored.Note: further occurrences of this error will be logged at DEBUG level. 
2018-08-18 00:16:23 10304 [http-nio-8888-exec-1] INFO  o.a.c.c.C.[Tomcat].[localhost].[/] - Initializing Spring FrameworkServlet 'dispatcherServlet' 
2018-08-18 00:16:23 10304 [http-nio-8888-exec-1] INFO  o.s.web.servlet.DispatcherServlet - FrameworkServlet 'dispatcherServlet': initialization started 
2018-08-18 00:16:23 10323 [http-nio-8888-exec-1] INFO  o.s.web.servlet.DispatcherServlet - FrameworkServlet 'dispatcherServlet': initialization completed in 19 ms 
2018-08-18 00:16:35 22691 [http-nio-8888-exec-3] INFO  c.o.s.m.sys.web.AuthController - gt-server正常，验证结果：1 
2018-08-18 00:16:35 22704 [http-nio-8888-exec-3] INFO  com.zaxxer.hikari.HikariDataSource - HikariPool-1 - Starting... 
2018-08-18 00:16:36 22875 [http-nio-8888-exec-3] INFO  com.zaxxer.hikari.HikariDataSource - HikariPool-1 - Start completed. 
2018-08-18 00:16:50 37315 [http-nio-8888-exec-6] INFO  c.o.s.m.sys.web.AuthController - gt-server正常，验证结果：1 
2018-08-18 00:17:54 500  [main] INFO  c.o.s.SpringbootLayuiApplication - Starting SpringbootLayuiApplication on DESKTOP-6OJN8E5 with PID 10124 (D:\wufang\springboot_layui\target\classes started by Mr Du in D:\wufang\springboot_layui) 
2018-08-18 00:17:54 501  [main] INFO  c.o.s.SpringbootLayuiApplication - The following profiles are active: dev 
2018-08-18 00:17:54 601  [main] INFO  o.s.b.w.s.c.AnnotationConfigServletWebServerApplicationContext - Refreshing org.springframework.boot.web.servlet.context.AnnotationConfigServletWebServerApplicationContext@7ed7259e: startup date [Sat Aug 18 00:17:54 CST 2018]; root of context hierarchy 
2018-08-18 00:17:55 1208 [main] INFO  o.s.d.r.c.RepositoryConfigurationDelegate - Multiple Spring Data modules found, entering strict repository configuration mode! 
2018-08-18 00:17:55 1526 [main] INFO  o.s.c.s.PostProcessorRegistrationDelegate$BeanPostProcessorChecker - Bean 'jedisRedisConfig' of type [com.outaa.springboot_layui.comm.config.JedisRedisConfig$$EnhancerBySpringCGLIB$$41bfee2e] is not eligible for getting processed by all BeanPostProcessors (for example: not eligible for auto-proxying) 
2018-08-18 00:17:55 1532 [main] INFO  o.s.c.s.PostProcessorRegistrationDelegate$BeanPostProcessorChecker - Bean 'org.springframework.transaction.annotation.ProxyTransactionManagementConfiguration' of type [org.springframework.transaction.annotation.ProxyTransactionManagementConfiguration$$EnhancerBySpringCGLIB$$637877cc] is not eligible for getting processed by all BeanPostProcessors (for example: not eligible for auto-proxying) 
2018-08-18 00:17:55 1599 [main] INFO  o.s.c.s.PostProcessorRegistrationDelegate$BeanPostProcessorChecker - Bean 'jedisConnectionFactory' of type [org.springframework.data.redis.connection.jedis.JedisConnectionFactory] is not eligible for getting processed by all BeanPostProcessors (for example: not eligible for auto-proxying) 
2018-08-18 00:17:55 1601 [main] INFO  o.s.c.s.PostProcessorRegistrationDelegate$BeanPostProcessorChecker - Bean 'redisConfig' of type [com.outaa.springboot_layui.comm.config.RedisConfig$$EnhancerBySpringCGLIB$$c69d3ffb] is not eligible for getting processed by all BeanPostProcessors (for example: not eligible for auto-proxying) 
2018-08-18 00:17:55 1607 [main] INFO  o.s.c.s.PostProcessorRegistrationDelegate$BeanPostProcessorChecker - Bean 'keyGenerator' of type [com.outaa.springboot_layui.comm.config.RedisConfig$1] is not eligible for getting processed by all BeanPostProcessors (for example: not eligible for auto-proxying) 
2018-08-18 00:17:55 1947 [main] INFO  o.s.b.w.e.tomcat.TomcatWebServer - Tomcat initialized with port(s): 8888 (http) 
2018-08-18 00:17:55 1957 [main] INFO  o.a.coyote.http11.Http11NioProtocol - Initializing ProtocolHandler ["http-nio-8888"] 
2018-08-18 00:17:55 1966 [main] INFO  o.a.catalina.core.StandardService - Starting service [Tomcat] 
2018-08-18 00:17:55 1966 [main] INFO  o.a.catalina.core.StandardEngine - Starting Servlet Engine: Apache Tomcat/8.5.32 
2018-08-18 00:17:55 1970 [localhost-startStop-1] INFO  o.a.c.core.AprLifecycleListener - The APR based Apache Tomcat Native library which allows optimal performance in production environments was not found on the java.library.path: [D:\javaTools\jdk1.8.0_102_64\bin;C:\WINDOWS\Sun\Java\bin;C:\WINDOWS\system32;C:\WINDOWS;C:\Program Files (x86)\Common Files\NetSarang;D:\app\MrDu\product\11.2.0\dbhome_1\bin;C:\WINDOWS\system32;C:\WINDOWS;C:\WINDOWS\System32\Wbem;C:\WINDOWS\System32\WindowsPowerShell\v1.0\;";D:\javaTools\jdk1.8.0_102_64\bin;D:\javaTools\jdk1.8.0_102_64\jre\bin;D:\javaTools\MySQL\MySQL Server 5.5\bin;D:\Program Files (x86)\Sybase\PowerDesigner 15;D:\TortoiseSVN\bin";D:\javaTools\Maven\apache-maven-3.3.3-bin\apache-maven-3.3.3\bin;C:\Program Files\Git\cmd;D:\Python64;D:\javaTools\MySQL\MySQL Server 5.5\bin\mysqld;C:\WINDOWS\System32\OpenSSH\;D:\javaTools\jdk1.8.0_102_64\bin;D:\javaTools\jdk1.8.0_102_64\jre\bin;D:\jeesite_workspace\jeesite\doc\maven\maven\maven3\bin;D:\Hadoop\\bin;D:\Program Files\Microsoft SQL Server\110\DTS\Binn\;D:\Program Files (x86)\Microsoft SQL Server\110\Tools\Binn\;D:\Program Files\Microsoft SQL Server\110\Tools\Binn\;D:\Program Files (x86)\Microsoft SQL Server\110\Tools\Binn\ManagementStudio\;C:\Program Files (x86)\Microsoft Visual Studio 10.0\Common7\IDE\PrivateAssemblies\;D:\Program Files (x86)\Microsoft SQL Server\110\DTS\Binn\;D:\TortoiseSVN\bin;C:\Users\Mr Du\AppData\Local\Microsoft\WindowsApps;;.] 
2018-08-18 00:17:55 2067 [localhost-startStop-1] INFO  o.a.c.c.C.[Tomcat].[localhost].[/] - Initializing Spring embedded WebApplicationContext 
2018-08-18 00:17:55 2068 [localhost-startStop-1] INFO  o.s.web.context.ContextLoader - Root WebApplicationContext: initialization completed in 1467 ms 
2018-08-18 00:17:56 2138 [localhost-startStop-1] INFO  o.s.b.w.s.ServletRegistrationBean - Servlet dispatcherServlet mapped to [/] 
2018-08-18 00:17:56 2142 [localhost-startStop-1] INFO  o.s.b.w.s.FilterRegistrationBean - Mapping filter: 'characterEncodingFilter' to: [/*] 
2018-08-18 00:17:56 2142 [localhost-startStop-1] INFO  o.s.b.w.s.FilterRegistrationBean - Mapping filter: 'hiddenHttpMethodFilter' to: [/*] 
2018-08-18 00:17:56 2142 [localhost-startStop-1] INFO  o.s.b.w.s.FilterRegistrationBean - Mapping filter: 'httpPutFormContentFilter' to: [/*] 
2018-08-18 00:17:56 2143 [localhost-startStop-1] INFO  o.s.b.w.s.FilterRegistrationBean - Mapping filter: 'requestContextFilter' to: [/*] 
2018-08-18 00:17:56 2629 [main] INFO  o.s.w.s.h.SimpleUrlHandlerMapping - Mapped URL path [/**/favicon.ico] onto handler of type [class org.springframework.web.servlet.resource.ResourceHttpRequestHandler] 
2018-08-18 00:17:56 2834 [main] INFO  o.s.w.s.m.m.a.RequestMappingHandlerAdapter - Looking for @ControllerAdvice: org.springframework.boot.web.servlet.context.AnnotationConfigServletWebServerApplicationContext@7ed7259e: startup date [Sat Aug 18 00:17:54 CST 2018]; root of context hierarchy 
2018-08-18 00:17:56 2888 [main] INFO  o.s.w.s.m.m.a.RequestMappingHandlerMapping - Mapped "{[/reg],methods=[GET]}" onto public java.lang.String com.outaa.springboot_layui.modules.sys.web.AuthController.path() 
2018-08-18 00:17:56 2891 [main] INFO  o.s.w.s.m.m.a.RequestMappingHandlerMapping - Mapped "{[],methods=[GET || POST]}" onto public java.lang.String com.outaa.springboot_layui.modules.sys.web.AuthController.home(java.lang.String,org.springframework.ui.Model) 
2018-08-18 00:17:56 2891 [main] INFO  o.s.w.s.m.m.a.RequestMappingHandlerMapping - Mapped "{[/login],methods=[POST]}" onto public java.lang.String com.outaa.springboot_layui.modules.sys.web.AuthController.login(com.outaa.springboot_layui.modules.sys.entity.User,javax.servlet.http.HttpServletRequest) 
2018-08-18 00:17:56 2892 [main] INFO  o.s.w.s.m.m.a.RequestMappingHandlerMapping - Mapped "{[/kaptcha]}" onto public org.springframework.web.servlet.ModelAndView com.outaa.springboot_layui.modules.sys.web.AuthController.getKaptchaImage(javax.servlet.http.HttpServletRequest,javax.servlet.http.HttpServletResponse) throws java.lang.Exception 
2018-08-18 00:17:56 2892 [main] INFO  o.s.w.s.m.m.a.RequestMappingHandlerMapping - Mapped "{[/startCaptcha],methods=[GET]}" onto public void com.outaa.springboot_layui.modules.sys.web.AuthController.startCaptcha(javax.servlet.http.HttpServletRequest,javax.servlet.http.HttpServletResponse) throws java.io.IOException 
2018-08-18 00:17:56 2892 [main] INFO  o.s.w.s.m.m.a.RequestMappingHandlerMapping - Mapped "{[/verifyLogin],methods=[POST]}" onto public java.lang.String com.outaa.springboot_layui.modules.sys.web.AuthController.verifyLogin(com.outaa.springboot_layui.modules.sys.entity.User,javax.servlet.http.HttpServletRequest,javax.servlet.http.HttpServletResponse,org.springframework.web.servlet.mvc.support.RedirectAttributes) throws java.io.IOException 
2018-08-18 00:17:56 2895 [main] INFO  o.s.w.s.m.m.a.RequestMappingHandlerMapping - Mapped "{[/error]}" onto public org.springframework.http.ResponseEntity<java.util.Map<java.lang.String, java.lang.Object>> org.springframework.boot.autoconfigure.web.servlet.error.BasicErrorController.error(javax.servlet.http.HttpServletRequest) 
2018-08-18 00:17:56 2896 [main] INFO  o.s.w.s.m.m.a.RequestMappingHandlerMapping - Mapped "{[/error],produces=[text/html]}" onto public org.springframework.web.servlet.ModelAndView org.springframework.boot.autoconfigure.web.servlet.error.BasicErrorController.errorHtml(javax.servlet.http.HttpServletRequest,javax.servlet.http.HttpServletResponse) 
2018-08-18 00:17:56 2924 [main] INFO  o.s.w.s.h.SimpleUrlHandlerMapping - Mapped URL path [/webjars/**] onto handler of type [class org.springframework.web.servlet.resource.ResourceHttpRequestHandler] 
2018-08-18 00:17:56 2924 [main] INFO  o.s.w.s.h.SimpleUrlHandlerMapping - Mapped URL path [/**] onto handler of type [class org.springframework.web.servlet.resource.ResourceHttpRequestHandler] 
2018-08-18 00:17:56 2939 [main] INFO  o.s.w.s.m.m.a.ExceptionHandlerExceptionResolver - Detected @ExceptionHandler methods in exceptionHandle 
2018-08-18 00:17:56 3021 [main] INFO  o.s.b.a.w.s.WelcomePageHandlerMapping - Adding welcome page template: index 
2018-08-18 00:17:57 3328 [main] INFO  o.s.j.e.a.AnnotationMBeanExporter - Registering beans for JMX exposure on startup 
2018-08-18 00:17:57 3329 [main] INFO  o.s.j.e.a.AnnotationMBeanExporter - Bean with name 'dataSource' has been autodetected for JMX exposure 
2018-08-18 00:17:57 3334 [main] INFO  o.s.j.e.a.AnnotationMBeanExporter - Located MBean 'dataSource': registering with JMX server as MBean [com.zaxxer.hikari:name=dataSource,type=HikariDataSource] 
2018-08-18 00:17:57 3358 [main] INFO  o.a.coyote.http11.Http11NioProtocol - Starting ProtocolHandler ["http-nio-8888"] 
2018-08-18 00:17:57 3366 [main] INFO  o.a.tomcat.util.net.NioSelectorPool - Using a shared selector for servlet write/read 
2018-08-18 00:17:57 3380 [main] INFO  o.s.b.w.e.tomcat.TomcatWebServer - Tomcat started on port(s): 8888 (http) with context path '' 
2018-08-18 00:17:57 3383 [main] INFO  c.o.s.SpringbootLayuiApplication - Started SpringbootLayuiApplication in 3.417 seconds (JVM running for 4.22) 
2018-08-18 00:17:59 6078 [http-nio-8888-exec-1] INFO  o.a.tomcat.util.http.parser.Cookie - A cookie header was received [1525316773,1525519139,1525537175; JSESSIONID=BCA5103CFC7559FC5F196A0876CD55CE] that contained an invalid cookie. That cookie will be ignored.Note: further occurrences of this error will be logged at DEBUG level. 
2018-08-18 00:17:59 6085 [http-nio-8888-exec-1] INFO  o.a.c.c.C.[Tomcat].[localhost].[/] - Initializing Spring FrameworkServlet 'dispatcherServlet' 
2018-08-18 00:17:59 6086 [http-nio-8888-exec-1] INFO  o.s.web.servlet.DispatcherServlet - FrameworkServlet 'dispatcherServlet': initialization started 
2018-08-18 00:17:59 6103 [http-nio-8888-exec-1] INFO  o.s.web.servlet.DispatcherServlet - FrameworkServlet 'dispatcherServlet': initialization completed in 16 ms 
2018-08-18 00:18:18 24877 [http-nio-8888-exec-5] INFO  c.o.s.m.sys.web.AuthController - gt-server正常，验证结果：1 
2018-08-18 00:18:18 24885 [http-nio-8888-exec-5] INFO  com.zaxxer.hikari.HikariDataSource - HikariPool-1 - Starting... 
2018-08-18 00:18:18 25053 [http-nio-8888-exec-5] INFO  com.zaxxer.hikari.HikariDataSource - HikariPool-1 - Start completed. 
2018-08-18 00:18:29 35792 [http-nio-8888-exec-7] INFO  c.o.s.m.sys.web.AuthController - gt-server正常，验证结果：1 
2018-08-18 00:18:44 51035 [http-nio-8888-exec-6] INFO  c.o.s.m.sys.web.AuthController - gt-server正常，验证结果：1 
2018-08-18 00:20:59 503  [main] INFO  c.o.s.SpringbootLayuiApplication - Starting SpringbootLayuiApplication on DESKTOP-6OJN8E5 with PID 2056 (D:\wufang\springboot_layui\target\classes started by Mr Du in D:\wufang\springboot_layui) 
2018-08-18 00:20:59 503  [main] INFO  c.o.s.SpringbootLayuiApplication - The following profiles are active: dev 
2018-08-18 00:20:59 560  [main] INFO  o.s.b.w.s.c.AnnotationConfigServletWebServerApplicationContext - Refreshing org.springframework.boot.web.servlet.context.AnnotationConfigServletWebServerApplicationContext@188715b5: startup date [Sat Aug 18 00:20:59 CST 2018]; root of context hierarchy 
2018-08-18 00:21:00 1208 [main] INFO  o.s.d.r.c.RepositoryConfigurationDelegate - Multiple Spring Data modules found, entering strict repository configuration mode! 
2018-08-18 00:21:00 1533 [main] INFO  o.s.c.s.PostProcessorRegistrationDelegate$BeanPostProcessorChecker - Bean 'jedisRedisConfig' of type [com.outaa.springboot_layui.comm.config.JedisRedisConfig$$EnhancerBySpringCGLIB$$9b274cfc] is not eligible for getting processed by all BeanPostProcessors (for example: not eligible for auto-proxying) 
2018-08-18 00:21:00 1538 [main] INFO  o.s.c.s.PostProcessorRegistrationDelegate$BeanPostProcessorChecker - Bean 'org.springframework.transaction.annotation.ProxyTransactionManagementConfiguration' of type [org.springframework.transaction.annotation.ProxyTransactionManagementConfiguration$$EnhancerBySpringCGLIB$$bcdfd69a] is not eligible for getting processed by all BeanPostProcessors (for example: not eligible for auto-proxying) 
2018-08-18 00:21:00 1601 [main] INFO  o.s.c.s.PostProcessorRegistrationDelegate$BeanPostProcessorChecker - Bean 'jedisConnectionFactory' of type [org.springframework.data.redis.connection.jedis.JedisConnectionFactory] is not eligible for getting processed by all BeanPostProcessors (for example: not eligible for auto-proxying) 
2018-08-18 00:21:00 1603 [main] INFO  o.s.c.s.PostProcessorRegistrationDelegate$BeanPostProcessorChecker - Bean 'redisConfig' of type [com.outaa.springboot_layui.comm.config.RedisConfig$$EnhancerBySpringCGLIB$$20049ec9] is not eligible for getting processed by all BeanPostProcessors (for example: not eligible for auto-proxying) 
2018-08-18 00:21:00 1608 [main] INFO  o.s.c.s.PostProcessorRegistrationDelegate$BeanPostProcessorChecker - Bean 'keyGenerator' of type [com.outaa.springboot_layui.comm.config.RedisConfig$1] is not eligible for getting processed by all BeanPostProcessors (for example: not eligible for auto-proxying) 
2018-08-18 00:21:01 1951 [main] INFO  o.s.b.w.e.tomcat.TomcatWebServer - Tomcat initialized with port(s): 8888 (http) 
2018-08-18 00:21:01 1961 [main] INFO  o.a.coyote.http11.Http11NioProtocol - Initializing ProtocolHandler ["http-nio-8888"] 
2018-08-18 00:21:01 1970 [main] INFO  o.a.catalina.core.StandardService - Starting service [Tomcat] 
2018-08-18 00:21:01 1970 [main] INFO  o.a.catalina.core.StandardEngine - Starting Servlet Engine: Apache Tomcat/8.5.32 
2018-08-18 00:21:01 1974 [localhost-startStop-1] INFO  o.a.c.core.AprLifecycleListener - The APR based Apache Tomcat Native library which allows optimal performance in production environments was not found on the java.library.path: [D:\javaTools\jdk1.8.0_102_64\bin;C:\WINDOWS\Sun\Java\bin;C:\WINDOWS\system32;C:\WINDOWS;C:\Program Files (x86)\Common Files\NetSarang;D:\app\MrDu\product\11.2.0\dbhome_1\bin;C:\WINDOWS\system32;C:\WINDOWS;C:\WINDOWS\System32\Wbem;C:\WINDOWS\System32\WindowsPowerShell\v1.0\;";D:\javaTools\jdk1.8.0_102_64\bin;D:\javaTools\jdk1.8.0_102_64\jre\bin;D:\javaTools\MySQL\MySQL Server 5.5\bin;D:\Program Files (x86)\Sybase\PowerDesigner 15;D:\TortoiseSVN\bin";D:\javaTools\Maven\apache-maven-3.3.3-bin\apache-maven-3.3.3\bin;C:\Program Files\Git\cmd;D:\Python64;D:\javaTools\MySQL\MySQL Server 5.5\bin\mysqld;C:\WINDOWS\System32\OpenSSH\;D:\javaTools\jdk1.8.0_102_64\bin;D:\javaTools\jdk1.8.0_102_64\jre\bin;D:\jeesite_workspace\jeesite\doc\maven\maven\maven3\bin;D:\Hadoop\\bin;D:\Program Files\Microsoft SQL Server\110\DTS\Binn\;D:\Program Files (x86)\Microsoft SQL Server\110\Tools\Binn\;D:\Program Files\Microsoft SQL Server\110\Tools\Binn\;D:\Program Files (x86)\Microsoft SQL Server\110\Tools\Binn\ManagementStudio\;C:\Program Files (x86)\Microsoft Visual Studio 10.0\Common7\IDE\PrivateAssemblies\;D:\Program Files (x86)\Microsoft SQL Server\110\DTS\Binn\;D:\TortoiseSVN\bin;C:\Users\Mr Du\AppData\Local\Microsoft\WindowsApps;;.] 
2018-08-18 00:21:01 2069 [localhost-startStop-1] INFO  o.a.c.c.C.[Tomcat].[localhost].[/] - Initializing Spring embedded WebApplicationContext 
2018-08-18 00:21:01 2069 [localhost-startStop-1] INFO  o.s.web.context.ContextLoader - Root WebApplicationContext: initialization completed in 1509 ms 
2018-08-18 00:21:01 2138 [localhost-startStop-1] INFO  o.s.b.w.s.ServletRegistrationBean - Servlet dispatcherServlet mapped to [/] 
2018-08-18 00:21:01 2143 [localhost-startStop-1] INFO  o.s.b.w.s.FilterRegistrationBean - Mapping filter: 'characterEncodingFilter' to: [/*] 
2018-08-18 00:21:01 2144 [localhost-startStop-1] INFO  o.s.b.w.s.FilterRegistrationBean - Mapping filter: 'hiddenHttpMethodFilter' to: [/*] 
2018-08-18 00:21:01 2144 [localhost-startStop-1] INFO  o.s.b.w.s.FilterRegistrationBean - Mapping filter: 'httpPutFormContentFilter' to: [/*] 
2018-08-18 00:21:01 2144 [localhost-startStop-1] INFO  o.s.b.w.s.FilterRegistrationBean - Mapping filter: 'requestContextFilter' to: [/*] 
2018-08-18 00:21:02 2623 [main] INFO  o.s.w.s.h.SimpleUrlHandlerMapping - Mapped URL path [/**/favicon.ico] onto handler of type [class org.springframework.web.servlet.resource.ResourceHttpRequestHandler] 
2018-08-18 00:21:02 2826 [main] INFO  o.s.w.s.m.m.a.RequestMappingHandlerAdapter - Looking for @ControllerAdvice: org.springframework.boot.web.servlet.context.AnnotationConfigServletWebServerApplicationContext@188715b5: startup date [Sat Aug 18 00:20:59 CST 2018]; root of context hierarchy 
2018-08-18 00:21:02 2879 [main] INFO  o.s.w.s.m.m.a.RequestMappingHandlerMapping - Mapped "{[/reg],methods=[GET]}" onto public java.lang.String com.outaa.springboot_layui.modules.sys.web.AuthController.path() 
2018-08-18 00:21:02 2881 [main] INFO  o.s.w.s.m.m.a.RequestMappingHandlerMapping - Mapped "{[ || /home],methods=[GET || POST]}" onto public java.lang.String com.outaa.springboot_layui.modules.sys.web.AuthController.home(java.lang.String,org.springframework.ui.Model) 
2018-08-18 00:21:02 2882 [main] INFO  o.s.w.s.m.m.a.RequestMappingHandlerMapping - Mapped "{[/login],methods=[POST]}" onto public java.lang.String com.outaa.springboot_layui.modules.sys.web.AuthController.login(com.outaa.springboot_layui.modules.sys.entity.User,javax.servlet.http.HttpServletRequest) 
2018-08-18 00:21:02 2882 [main] INFO  o.s.w.s.m.m.a.RequestMappingHandlerMapping - Mapped "{[/verifyLogin],methods=[POST]}" onto public java.lang.String com.outaa.springboot_layui.modules.sys.web.AuthController.verifyLogin(com.outaa.springboot_layui.modules.sys.entity.User,javax.servlet.http.HttpServletRequest,javax.servlet.http.HttpServletResponse,org.springframework.web.servlet.mvc.support.RedirectAttributes) throws java.io.IOException 
2018-08-18 00:21:02 2883 [main] INFO  o.s.w.s.m.m.a.RequestMappingHandlerMapping - Mapped "{[/startCaptcha],methods=[GET]}" onto public void com.outaa.springboot_layui.modules.sys.web.AuthController.startCaptcha(javax.servlet.http.HttpServletRequest,javax.servlet.http.HttpServletResponse) throws java.io.IOException 
2018-08-18 00:21:02 2883 [main] INFO  o.s.w.s.m.m.a.RequestMappingHandlerMapping - Mapped "{[/kaptcha]}" onto public org.springframework.web.servlet.ModelAndView com.outaa.springboot_layui.modules.sys.web.AuthController.getKaptchaImage(javax.servlet.http.HttpServletRequest,javax.servlet.http.HttpServletResponse) throws java.lang.Exception 
2018-08-18 00:21:02 2885 [main] INFO  o.s.w.s.m.m.a.RequestMappingHandlerMapping - Mapped "{[/error]}" onto public org.springframework.http.ResponseEntity<java.util.Map<java.lang.String, java.lang.Object>> org.springframework.boot.autoconfigure.web.servlet.error.BasicErrorController.error(javax.servlet.http.HttpServletRequest) 
2018-08-18 00:21:02 2886 [main] INFO  o.s.w.s.m.m.a.RequestMappingHandlerMapping - Mapped "{[/error],produces=[text/html]}" onto public org.springframework.web.servlet.ModelAndView org.springframework.boot.autoconfigure.web.servlet.error.BasicErrorController.errorHtml(javax.servlet.http.HttpServletRequest,javax.servlet.http.HttpServletResponse) 
2018-08-18 00:21:02 2914 [main] INFO  o.s.w.s.h.SimpleUrlHandlerMapping - Mapped URL path [/webjars/**] onto handler of type [class org.springframework.web.servlet.resource.ResourceHttpRequestHandler] 
2018-08-18 00:21:02 2914 [main] INFO  o.s.w.s.h.SimpleUrlHandlerMapping - Mapped URL path [/**] onto handler of type [class org.springframework.web.servlet.resource.ResourceHttpRequestHandler] 
2018-08-18 00:21:02 2928 [main] INFO  o.s.w.s.m.m.a.ExceptionHandlerExceptionResolver - Detected @ExceptionHandler methods in exceptionHandle 
2018-08-18 00:21:02 3012 [main] INFO  o.s.b.a.w.s.WelcomePageHandlerMapping - Adding welcome page template: index 
2018-08-18 00:21:02 3307 [main] INFO  o.s.j.e.a.AnnotationMBeanExporter - Registering beans for JMX exposure on startup 
2018-08-18 00:21:02 3309 [main] INFO  o.s.j.e.a.AnnotationMBeanExporter - Bean with name 'dataSource' has been autodetected for JMX exposure 
2018-08-18 00:21:02 3313 [main] INFO  o.s.j.e.a.AnnotationMBeanExporter - Located MBean 'dataSource': registering with JMX server as MBean [com.zaxxer.hikari:name=dataSource,type=HikariDataSource] 
2018-08-18 00:21:02 3340 [main] INFO  o.a.coyote.http11.Http11NioProtocol - Starting ProtocolHandler ["http-nio-8888"] 
2018-08-18 00:21:02 3348 [main] INFO  o.a.tomcat.util.net.NioSelectorPool - Using a shared selector for servlet write/read 
2018-08-18 00:21:02 3360 [main] INFO  o.s.b.w.e.tomcat.TomcatWebServer - Tomcat started on port(s): 8888 (http) with context path '' 
2018-08-18 00:21:02 3363 [main] INFO  c.o.s.SpringbootLayuiApplication - Started SpringbootLayuiApplication in 3.398 seconds (JVM running for 4.199) 
2018-08-18 00:21:15 15874 [http-nio-8888-exec-1] INFO  o.a.tomcat.util.http.parser.Cookie - A cookie header was received [1525316773,1525519139,1525537175; JSESSIONID=EE41F516257D7B3C22F9BCF56CE50E4B] that contained an invalid cookie. That cookie will be ignored.Note: further occurrences of this error will be logged at DEBUG level. 
2018-08-18 00:21:15 15881 [http-nio-8888-exec-1] INFO  o.a.c.c.C.[Tomcat].[localhost].[/] - Initializing Spring FrameworkServlet 'dispatcherServlet' 
2018-08-18 00:21:15 15881 [http-nio-8888-exec-1] INFO  o.s.web.servlet.DispatcherServlet - FrameworkServlet 'dispatcherServlet': initialization started 
2018-08-18 00:21:15 15900 [http-nio-8888-exec-1] INFO  o.s.web.servlet.DispatcherServlet - FrameworkServlet 'dispatcherServlet': initialization completed in 19 ms 
